#-----------------------------------------------------------
# Vivado v2020.2 (64-bit)
# SW Build 3064766 on Wed Nov 18 09:12:45 MST 2020
# IP Build 3064653 on Wed Nov 18 14:17:31 MST 2020
# Start of session at: Sun May  9 22:47:14 2021
# Process ID: 2192
# Current directory: D:/FACULTATE/ANUL 1/Termostat - aproape bun - Copy/Termostat
# Command line: vivado.exe -gui_launcher_event rodinguilauncherevent14876 D:\FACULTATE\ANUL 1\Termostat - aproape bun - Copy\Termostat\Termostat.xpr
# Log file: D:/FACULTATE/ANUL 1/Termostat - aproape bun - Copy/Termostat/vivado.log
# Journal file: D:/FACULTATE/ANUL 1/Termostat - aproape bun - Copy/Termostat\vivado.jou
#-----------------------------------------------------------
start_gui
open_project {D:/FACULTATE/ANUL 1/Termostat - aproape bun - Copy/Termostat/Termostat.xpr}
INFO: [Project 1-313] Project file moved from 'D:/FACULTATE/ANUL 1/Termostat - Copy/Termostat' since last save.
Scanning sources...
Finished scanning sources
INFO: [IP_Flow 19-234] Refreshing IP repositories
INFO: [IP_Flow 19-1704] No user IP repositories specified
INFO: [IP_Flow 19-2313] Loaded Vivado IP repository 'D:/programs/Xilinx/Vivado/2020.2/data/ip'.
open_project: Time (s): cpu = 00:00:17 ; elapsed = 00:00:07 . Memory (MB): peak = 1018.574 ; gain = 0.000
update_compile_order -fileset sources_1
reset_run synth_1
launch_runs impl_1 -to_step write_bitstream -jobs 4
[Sun May  9 22:49:37 2021] Launched synth_1...
Run output will be captured here: D:/FACULTATE/ANUL 1/Termostat - aproape bun - Copy/Termostat/Termostat.runs/synth_1/runme.log
[Sun May  9 22:49:37 2021] Launched impl_1...
Run output will be captured here: D:/FACULTATE/ANUL 1/Termostat - aproape bun - Copy/Termostat/Termostat.runs/impl_1/runme.log
open_hw_manager
connect_hw_server -url localhost:3121 -allow_non_jtag
INFO: [Labtools 27-2285] Connecting to hw_server url TCP:localhost:3121
INFO: [Labtools 27-3415] Connecting to cs_server url TCP:localhost:3042
INFO: [Labtools 27-3414] Connected to existing cs_server.
ERROR: [Labtoolstcl 44-494] There is no active target available for server at localhost:3121.
 Targets(s) ", jsn-Basys3-210183A38A25A" may be locked by another hw_server.
disconnect_hw_server localhost:3121
connect_hw_server -url localhost:3121 -allow_non_jtag
INFO: [Labtools 27-2285] Connecting to hw_server url TCP:localhost:3121
INFO: [Labtools 27-3415] Connecting to cs_server url TCP:localhost:3042
INFO: [Labtools 27-3414] Connected to existing cs_server.
current_hw_target [get_hw_targets */xilinx_tcf/Digilent/210183A38A25A]
set_property PARAM.FREQUENCY 15000000 [get_hw_targets */xilinx_tcf/Digilent/210183A38A25A]
open_hw_target
INFO: [Labtoolstcl 44-466] Opening hw_target localhost:3121/xilinx_tcf/Digilent/210183A38A25A
open_hw_target: Time (s): cpu = 00:00:06 ; elapsed = 00:00:06 . Memory (MB): peak = 2379.336 ; gain = 1360.762
set_property PROGRAM.FILE {D:/FACULTATE/ANUL 1/Termostat - aproape bun - Copy/Termostat/Termostat.runs/impl_1/Termostat.bit} [get_hw_devices xc7a35t_0]
current_hw_device [get_hw_devices xc7a35t_0]
refresh_hw_device -update_hw_probes false [lindex [get_hw_devices xc7a35t_0] 0]
INFO: [Labtools 27-1434] Device xc7a35t (JTAG device index = 0) is programmed with a design that has no supported debug core(s) in it.
set_property PROBES.FILE {} [get_hw_devices xc7a35t_0]
set_property FULL_PROBES.FILE {} [get_hw_devices xc7a35t_0]
set_property PROGRAM.FILE {D:/FACULTATE/ANUL 1/Termostat - aproape bun - Copy/Termostat/Termostat.runs/impl_1/Termostat.bit} [get_hw_devices xc7a35t_0]
program_hw_devices [get_hw_devices xc7a35t_0]
INFO: [Labtools 27-3164] End of startup status: HIGH
refresh_hw_device [lindex [get_hw_devices xc7a35t_0] 0]
INFO: [Labtools 27-1434] Device xc7a35t (JTAG device index = 0) is programmed with a design that has no supported debug core(s) in it.
reset_run synth_1
launch_runs impl_1 -to_step write_bitstream -jobs 4
[Sun May  9 22:54:07 2021] Launched synth_1...
Run output will be captured here: D:/FACULTATE/ANUL 1/Termostat - aproape bun - Copy/Termostat/Termostat.runs/synth_1/runme.log
[Sun May  9 22:54:08 2021] Launched impl_1...
Run output will be captured here: D:/FACULTATE/ANUL 1/Termostat - aproape bun - Copy/Termostat/Termostat.runs/impl_1/runme.log
set_property PROBES.FILE {} [get_hw_devices xc7a35t_0]
set_property FULL_PROBES.FILE {} [get_hw_devices xc7a35t_0]
set_property PROGRAM.FILE {D:/FACULTATE/ANUL 1/Termostat - aproape bun - Copy/Termostat/Termostat.runs/impl_1/Termostat.bit} [get_hw_devices xc7a35t_0]
program_hw_devices [get_hw_devices xc7a35t_0]
INFO: [Labtools 27-3164] End of startup status: HIGH
refresh_hw_device [lindex [get_hw_devices xc7a35t_0] 0]
INFO: [Labtools 27-1434] Device xc7a35t (JTAG device index = 0) is programmed with a design that has no supported debug core(s) in it.
ERROR: [Labtoolstcl 44-513] HW Target shutdown. Closing target: localhost:3121/xilinx_tcf/Digilent/210183A38A25A
reset_run synth_1
launch_runs impl_1 -to_step write_bitstream -jobs 4
[Sun May  9 23:03:14 2021] Launched synth_1...
Run output will be captured here: D:/FACULTATE/ANUL 1/Termostat - aproape bun - Copy/Termostat/Termostat.runs/synth_1/runme.log
[Sun May  9 23:03:14 2021] Launched impl_1...
Run output will be captured here: D:/FACULTATE/ANUL 1/Termostat - aproape bun - Copy/Termostat/Termostat.runs/impl_1/runme.log
INFO: [Labtoolstcl 44-466] Opening hw_target localhost:3121/xilinx_tcf/Digilent/210183A38A25A
INFO: [Labtools 27-1434] Device xc7a35t (JTAG device index = 0) is programmed with a design that has no supported debug core(s) in it.
WARNING: [Labtoolstcl 44-129] No matching hw_ila_data was found.
disconnect_hw_server localhost:3121
connect_hw_server -url localhost:3121 -allow_non_jtag
INFO: [Labtools 27-2285] Connecting to hw_server url TCP:localhost:3121
INFO: [Labtools 27-3415] Connecting to cs_server url TCP:localhost:3042
INFO: [Labtools 27-3414] Connected to existing cs_server.
current_hw_target [get_hw_targets */xilinx_tcf/Digilent/210183A38A25A]
set_property PARAM.FREQUENCY 15000000 [get_hw_targets */xilinx_tcf/Digilent/210183A38A25A]
open_hw_target
INFO: [Labtoolstcl 44-466] Opening hw_target localhost:3121/xilinx_tcf/Digilent/210183A38A25A
set_property PROGRAM.FILE {D:/FACULTATE/ANUL 1/Termostat - aproape bun - Copy/Termostat/Termostat.runs/impl_1/Termostat.bit} [get_hw_devices xc7a35t_0]
current_hw_device [get_hw_devices xc7a35t_0]
refresh_hw_device -update_hw_probes false [lindex [get_hw_devices xc7a35t_0] 0]
INFO: [Labtools 27-1434] Device xc7a35t (JTAG device index = 0) is programmed with a design that has no supported debug core(s) in it.
set_property PROBES.FILE {} [get_hw_devices xc7a35t_0]
set_property FULL_PROBES.FILE {} [get_hw_devices xc7a35t_0]
set_property PROGRAM.FILE {D:/FACULTATE/ANUL 1/Termostat - aproape bun - Copy/Termostat/Termostat.runs/impl_1/Termostat.bit} [get_hw_devices xc7a35t_0]
program_hw_devices [get_hw_devices xc7a35t_0]
INFO: [Labtools 27-3164] End of startup status: HIGH
refresh_hw_device [lindex [get_hw_devices xc7a35t_0] 0]
INFO: [Labtools 27-1434] Device xc7a35t (JTAG device index = 0) is programmed with a design that has no supported debug core(s) in it.
reset_run synth_1
launch_runs impl_1 -to_step write_bitstream -jobs 4
[Sun May  9 23:07:37 2021] Launched synth_1...
Run output will be captured here: D:/FACULTATE/ANUL 1/Termostat - aproape bun - Copy/Termostat/Termostat.runs/synth_1/runme.log
[Sun May  9 23:07:37 2021] Launched impl_1...
Run output will be captured here: D:/FACULTATE/ANUL 1/Termostat - aproape bun - Copy/Termostat/Termostat.runs/impl_1/runme.log
reset_run impl_1 -prev_step 
launch_runs impl_1 -to_step write_bitstream -jobs 4
[Sun May  9 23:09:51 2021] Launched impl_1...
Run output will be captured here: D:/FACULTATE/ANUL 1/Termostat - aproape bun - Copy/Termostat/Termostat.runs/impl_1/runme.log
ERROR: [Labtoolstcl 44-513] HW Target shutdown. Closing target: localhost:3121/xilinx_tcf/Digilent/210183A38A25A
reset_run synth_1
launch_runs impl_1 -to_step write_bitstream -jobs 4
[Sun May  9 23:10:46 2021] Launched synth_1...
Run output will be captured here: D:/FACULTATE/ANUL 1/Termostat - aproape bun - Copy/Termostat/Termostat.runs/synth_1/runme.log
[Sun May  9 23:10:46 2021] Launched impl_1...
Run output will be captured here: D:/FACULTATE/ANUL 1/Termostat - aproape bun - Copy/Termostat/Termostat.runs/impl_1/runme.log
disconnect_hw_server localhost:3121
connect_hw_server -url localhost:3121 -allow_non_jtag
INFO: [Labtools 27-2285] Connecting to hw_server url TCP:localhost:3121
INFO: [Labtools 27-3415] Connecting to cs_server url TCP:localhost:3042
INFO: [Labtools 27-3414] Connected to existing cs_server.
current_hw_target [get_hw_targets */xilinx_tcf/Digilent/210183A38A25A]
set_property PARAM.FREQUENCY 15000000 [get_hw_targets */xilinx_tcf/Digilent/210183A38A25A]
open_hw_target
INFO: [Labtoolstcl 44-466] Opening hw_target localhost:3121/xilinx_tcf/Digilent/210183A38A25A
set_property PROGRAM.FILE {D:/FACULTATE/ANUL 1/Termostat - aproape bun - Copy/Termostat/Termostat.runs/impl_1/Termostat.bit} [get_hw_devices xc7a35t_0]
current_hw_device [get_hw_devices xc7a35t_0]
refresh_hw_device -update_hw_probes false [lindex [get_hw_devices xc7a35t_0] 0]
INFO: [Labtools 27-1434] Device xc7a35t (JTAG device index = 0) is programmed with a design that has no supported debug core(s) in it.
set_property PROBES.FILE {} [get_hw_devices xc7a35t_0]
set_property FULL_PROBES.FILE {} [get_hw_devices xc7a35t_0]
set_property PROGRAM.FILE {D:/FACULTATE/ANUL 1/Termostat - aproape bun - Copy/Termostat/Termostat.runs/impl_1/Termostat.bit} [get_hw_devices xc7a35t_0]
program_hw_devices [get_hw_devices xc7a35t_0]
INFO: [Labtools 27-3164] End of startup status: HIGH
refresh_hw_device [lindex [get_hw_devices xc7a35t_0] 0]
INFO: [Labtools 27-1434] Device xc7a35t (JTAG device index = 0) is programmed with a design that has no supported debug core(s) in it.
reset_run synth_1
launch_runs impl_1 -to_step write_bitstream -jobs 4
[Sun May  9 23:13:53 2021] Launched synth_1...
Run output will be captured here: D:/FACULTATE/ANUL 1/Termostat - aproape bun - Copy/Termostat/Termostat.runs/synth_1/runme.log
[Sun May  9 23:13:53 2021] Launched impl_1...
Run output will be captured here: D:/FACULTATE/ANUL 1/Termostat - aproape bun - Copy/Termostat/Termostat.runs/impl_1/runme.log
set_property PROBES.FILE {} [get_hw_devices xc7a35t_0]
set_property FULL_PROBES.FILE {} [get_hw_devices xc7a35t_0]
set_property PROGRAM.FILE {D:/FACULTATE/ANUL 1/Termostat - aproape bun - Copy/Termostat/Termostat.runs/impl_1/Termostat.bit} [get_hw_devices xc7a35t_0]
program_hw_devices [get_hw_devices xc7a35t_0]
INFO: [Labtools 27-3164] End of startup status: HIGH
refresh_hw_device [lindex [get_hw_devices xc7a35t_0] 0]
INFO: [Labtools 27-1434] Device xc7a35t (JTAG device index = 0) is programmed with a design that has no supported debug core(s) in it.
reset_run synth_1
launch_runs impl_1 -to_step write_bitstream -jobs 4
[Sun May  9 23:18:19 2021] Launched synth_1...
Run output will be captured here: D:/FACULTATE/ANUL 1/Termostat - aproape bun - Copy/Termostat/Termostat.runs/synth_1/runme.log
[Sun May  9 23:18:19 2021] Launched impl_1...
Run output will be captured here: D:/FACULTATE/ANUL 1/Termostat - aproape bun - Copy/Termostat/Termostat.runs/impl_1/runme.log
reset_run synth_1
WARNING: [Vivado 12-1017] Problems encountered:
1. Failed to delete one or more files in run directory D:/FACULTATE/ANUL 1/Termostat - aproape bun - Copy/Termostat/Termostat.runs/synth_1

launch_runs impl_1 -to_step write_bitstream -jobs 4
[Sun May  9 23:18:47 2021] Launched synth_1...
Run output will be captured here: D:/FACULTATE/ANUL 1/Termostat - aproape bun - Copy/Termostat/Termostat.runs/synth_1/runme.log
[Sun May  9 23:18:47 2021] Launched impl_1...
Run output will be captured here: D:/FACULTATE/ANUL 1/Termostat - aproape bun - Copy/Termostat/Termostat.runs/impl_1/runme.log
set_property PROBES.FILE {} [get_hw_devices xc7a35t_0]
set_property FULL_PROBES.FILE {} [get_hw_devices xc7a35t_0]
set_property PROGRAM.FILE {D:/FACULTATE/ANUL 1/Termostat - aproape bun - Copy/Termostat/Termostat.runs/impl_1/Termostat.bit} [get_hw_devices xc7a35t_0]
program_hw_devices [get_hw_devices xc7a35t_0]
INFO: [Labtools 27-3164] End of startup status: HIGH
refresh_hw_device [lindex [get_hw_devices xc7a35t_0] 0]
INFO: [Labtools 27-1434] Device xc7a35t (JTAG device index = 0) is programmed with a design that has no supported debug core(s) in it.
set_property PROBES.FILE {} [get_hw_devices xc7a35t_0]
set_property FULL_PROBES.FILE {} [get_hw_devices xc7a35t_0]
set_property PROGRAM.FILE {D:/FACULTATE/ANUL 1/Termostat - aproape bun - Copy/Termostat/Termostat.runs/impl_1/Termostat.bit} [get_hw_devices xc7a35t_0]
program_hw_devices [get_hw_devices xc7a35t_0]
INFO: [Labtools 27-3164] End of startup status: HIGH
refresh_hw_device [lindex [get_hw_devices xc7a35t_0] 0]
INFO: [Labtools 27-1434] Device xc7a35t (JTAG device index = 0) is programmed with a design that has no supported debug core(s) in it.
set_property PROBES.FILE {} [get_hw_devices xc7a35t_0]
set_property FULL_PROBES.FILE {} [get_hw_devices xc7a35t_0]
set_property PROGRAM.FILE {D:/FACULTATE/ANUL 1/Termostat - aproape bun - Copy/Termostat/Termostat.runs/impl_1/Termostat.bit} [get_hw_devices xc7a35t_0]
program_hw_devices [get_hw_devices xc7a35t_0]
INFO: [Labtools 27-3164] End of startup status: HIGH
refresh_hw_device [lindex [get_hw_devices xc7a35t_0] 0]
INFO: [Labtools 27-1434] Device xc7a35t (JTAG device index = 0) is programmed with a design that has no supported debug core(s) in it.
set_property PROBES.FILE {} [get_hw_devices xc7a35t_0]
set_property FULL_PROBES.FILE {} [get_hw_devices xc7a35t_0]
set_property PROGRAM.FILE {D:/FACULTATE/ANUL 1/Termostat - aproape bun - Copy/Termostat/Termostat.runs/impl_1/Termostat.bit} [get_hw_devices xc7a35t_0]
program_hw_devices [get_hw_devices xc7a35t_0]
INFO: [Labtools 27-3164] End of startup status: HIGH
refresh_hw_device [lindex [get_hw_devices xc7a35t_0] 0]
INFO: [Labtools 27-1434] Device xc7a35t (JTAG device index = 0) is programmed with a design that has no supported debug core(s) in it.
ERROR: [Labtoolstcl 44-513] HW Target shutdown. Closing target: localhost:3121/xilinx_tcf/Digilent/210183A38A25A
INFO: [Labtoolstcl 44-466] Opening hw_target localhost:3121/xilinx_tcf/Digilent/210183A38A25A
INFO: [Labtools 27-1434] Device xc7a35t (JTAG device index = 0) is programmed with a design that has no supported debug core(s) in it.
WARNING: [Labtoolstcl 44-129] No matching hw_ila_data was found.
disconnect_hw_server localhost:3121
connect_hw_server -url localhost:3121 -allow_non_jtag
INFO: [Labtools 27-2285] Connecting to hw_server url TCP:localhost:3121
INFO: [Labtools 27-3415] Connecting to cs_server url TCP:localhost:3042
INFO: [Labtools 27-3414] Connected to existing cs_server.
current_hw_target [get_hw_targets */xilinx_tcf/Digilent/210183A38A25A]
set_property PARAM.FREQUENCY 15000000 [get_hw_targets */xilinx_tcf/Digilent/210183A38A25A]
open_hw_target
INFO: [Labtoolstcl 44-466] Opening hw_target localhost:3121/xilinx_tcf/Digilent/210183A38A25A
set_property PROGRAM.FILE {D:/FACULTATE/ANUL 1/Termostat - aproape bun - Copy/Termostat/Termostat.runs/impl_1/Termostat.bit} [get_hw_devices xc7a35t_0]
current_hw_device [get_hw_devices xc7a35t_0]
refresh_hw_device -update_hw_probes false [lindex [get_hw_devices xc7a35t_0] 0]
INFO: [Labtools 27-1434] Device xc7a35t (JTAG device index = 0) is programmed with a design that has no supported debug core(s) in it.
set_property PROBES.FILE {} [get_hw_devices xc7a35t_0]
set_property FULL_PROBES.FILE {} [get_hw_devices xc7a35t_0]
set_property PROGRAM.FILE {D:/FACULTATE/ANUL 1/Termostat - aproape bun - Copy/Termostat/Termostat.runs/impl_1/Termostat.bit} [get_hw_devices xc7a35t_0]
program_hw_devices [get_hw_devices xc7a35t_0]
INFO: [Labtools 27-3164] End of startup status: HIGH
refresh_hw_device [lindex [get_hw_devices xc7a35t_0] 0]
INFO: [Labtools 27-1434] Device xc7a35t (JTAG device index = 0) is programmed with a design that has no supported debug core(s) in it.
set_property PROBES.FILE {} [get_hw_devices xc7a35t_0]
set_property FULL_PROBES.FILE {} [get_hw_devices xc7a35t_0]
set_property PROGRAM.FILE {D:/FACULTATE/ANUL 1/Termostat - aproape bun - Copy/Termostat/Termostat.runs/impl_1/Termostat.bit} [get_hw_devices xc7a35t_0]
program_hw_devices [get_hw_devices xc7a35t_0]
INFO: [Labtools 27-3164] End of startup status: HIGH
refresh_hw_device [lindex [get_hw_devices xc7a35t_0] 0]
INFO: [Labtools 27-1434] Device xc7a35t (JTAG device index = 0) is programmed with a design that has no supported debug core(s) in it.
set_property PROBES.FILE {} [get_hw_devices xc7a35t_0]
set_property FULL_PROBES.FILE {} [get_hw_devices xc7a35t_0]
set_property PROGRAM.FILE {D:/FACULTATE/ANUL 1/Termostat - aproape bun - Copy/Termostat/Termostat.runs/impl_1/Termostat.bit} [get_hw_devices xc7a35t_0]
program_hw_devices [get_hw_devices xc7a35t_0]
INFO: [Labtools 27-3164] End of startup status: HIGH
refresh_hw_device [lindex [get_hw_devices xc7a35t_0] 0]
INFO: [Labtools 27-1434] Device xc7a35t (JTAG device index = 0) is programmed with a design that has no supported debug core(s) in it.
ERROR: [Labtoolstcl 44-513] HW Target shutdown. Closing target: localhost:3121/xilinx_tcf/Digilent/210183A38A25A
exit
INFO: [Common 17-206] Exiting Vivado at Sun May  9 23:44:13 2021...
