#-----------------------------------------------------------
# Vivado v2020.2 (64-bit)
# SW Build 3064766 on Wed Nov 18 09:12:45 MST 2020
# IP Build 3064653 on Wed Nov 18 14:17:31 MST 2020
# Start of session at: Fri May  7 19:38:21 2021
# Process ID: 10428
# Current directory: D:/FACULTATE/ANUL 1/Termostat/Termostat
# Command line: vivado.exe -gui_launcher_event rodinguilauncherevent960 D:\FACULTATE\ANUL 1\Termostat\Termostat\Termostat.xpr
# Log file: D:/FACULTATE/ANUL 1/Termostat/Termostat/vivado.log
# Journal file: D:/FACULTATE/ANUL 1/Termostat/Termostat\vivado.jou
#-----------------------------------------------------------
start_gui
open_project {D:/FACULTATE/ANUL 1/Termostat/Termostat/Termostat.xpr}
INFO: [Project 1-313] Project file moved from 'D:/UTCN/Termostat/Termostat' since last save.
Scanning sources...
Finished scanning sources
INFO: [Project 1-230] Project 'Termostat.xpr' upgraded for this version of Vivado.
INFO: [IP_Flow 19-234] Refreshing IP repositories
INFO: [IP_Flow 19-1704] No user IP repositories specified
INFO: [IP_Flow 19-2313] Loaded Vivado IP repository 'D:/programs/Xilinx/Vivado/2020.2/data/ip'.
open_project: Time (s): cpu = 00:00:28 ; elapsed = 00:00:09 . Memory (MB): peak = 1014.676 ; gain = 0.000
update_compile_order -fileset sources_1
reset_run synth_1
launch_runs impl_1 -to_step write_bitstream -jobs 4
[Fri May  7 19:39:09 2021] Launched synth_1...
Run output will be captured here: D:/FACULTATE/ANUL 1/Termostat/Termostat/Termostat.runs/synth_1/runme.log
[Fri May  7 19:39:10 2021] Launched impl_1...
Run output will be captured here: D:/FACULTATE/ANUL 1/Termostat/Termostat/Termostat.runs/impl_1/runme.log
open_hw_manager
connect_hw_server -url localhost:3121 -allow_non_jtag
INFO: [Labtools 27-2285] Connecting to hw_server url TCP:localhost:3121
INFO: [Labtools 27-3415] Connecting to cs_server url TCP:localhost:3042
INFO: [Labtools 27-3414] Connected to existing cs_server.
current_hw_target [get_hw_targets */xilinx_tcf/Digilent/210183A38A25A]
set_property PARAM.FREQUENCY 15000000 [get_hw_targets */xilinx_tcf/Digilent/210183A38A25A]
open_hw_target
INFO: [Labtoolstcl 44-466] Opening hw_target localhost:3121/xilinx_tcf/Digilent/210183A38A25A
open_hw_target: Time (s): cpu = 00:00:07 ; elapsed = 00:00:07 . Memory (MB): peak = 2357.992 ; gain = 1343.316
current_hw_device [get_hw_devices xc7a35t_0]
refresh_hw_device -update_hw_probes false [lindex [get_hw_devices xc7a35t_0] 0]
INFO: [Labtools 27-1434] Device xc7a35t (JTAG device index = 0) is programmed with a design that has no supported debug core(s) in it.
set_property PROBES.FILE {} [get_hw_devices xc7a35t_0]
set_property FULL_PROBES.FILE {} [get_hw_devices xc7a35t_0]
set_property PROGRAM.FILE {D:/FACULTATE/ANUL 1/Termostat/Termostat/Termostat.runs/impl_1/Termostat.bit} [get_hw_devices xc7a35t_0]
program_hw_devices [get_hw_devices xc7a35t_0]
INFO: [Labtools 27-3164] End of startup status: HIGH
refresh_hw_device [lindex [get_hw_devices xc7a35t_0] 0]
INFO: [Labtools 27-1434] Device xc7a35t (JTAG device index = 0) is programmed with a design that has no supported debug core(s) in it.
reset_run synth_1
launch_runs impl_1 -to_step write_bitstream -jobs 4
[Fri May  7 19:49:43 2021] Launched synth_1...
Run output will be captured here: D:/FACULTATE/ANUL 1/Termostat/Termostat/Termostat.runs/synth_1/runme.log
[Fri May  7 19:49:43 2021] Launched impl_1...
Run output will be captured here: D:/FACULTATE/ANUL 1/Termostat/Termostat/Termostat.runs/impl_1/runme.log
ERROR: [Labtoolstcl 44-513] HW Target shutdown. Closing target: localhost:3121/xilinx_tcf/Digilent/210183A38A25A
INFO: [Labtoolstcl 44-466] Opening hw_target localhost:3121/xilinx_tcf/Digilent/210183A38A25A
INFO: [Labtools 27-1434] Device xc7a35t (JTAG device index = 0) is programmed with a design that has no supported debug core(s) in it.
WARNING: [Labtoolstcl 44-129] No matching hw_ila_data was found.
disconnect_hw_server localhost:3121
connect_hw_server -url localhost:3121 -allow_non_jtag
INFO: [Labtools 27-2285] Connecting to hw_server url TCP:localhost:3121
INFO: [Labtools 27-3415] Connecting to cs_server url TCP:localhost:3042
INFO: [Labtools 27-3414] Connected to existing cs_server.
current_hw_target [get_hw_targets */xilinx_tcf/Digilent/210183A38A25A]
set_property PARAM.FREQUENCY 15000000 [get_hw_targets */xilinx_tcf/Digilent/210183A38A25A]
open_hw_target
INFO: [Labtoolstcl 44-466] Opening hw_target localhost:3121/xilinx_tcf/Digilent/210183A38A25A
set_property PROGRAM.FILE {D:/FACULTATE/ANUL 1/Termostat/Termostat/Termostat.runs/impl_1/Termostat.bit} [get_hw_devices xc7a35t_0]
current_hw_device [get_hw_devices xc7a35t_0]
refresh_hw_device -update_hw_probes false [lindex [get_hw_devices xc7a35t_0] 0]
INFO: [Labtools 27-1434] Device xc7a35t (JTAG device index = 0) is programmed with a design that has no supported debug core(s) in it.
set_property PROBES.FILE {} [get_hw_devices xc7a35t_0]
set_property FULL_PROBES.FILE {} [get_hw_devices xc7a35t_0]
set_property PROGRAM.FILE {D:/FACULTATE/ANUL 1/Termostat/Termostat/Termostat.runs/impl_1/Termostat.bit} [get_hw_devices xc7a35t_0]
program_hw_devices [get_hw_devices xc7a35t_0]
INFO: [Labtools 27-3164] End of startup status: HIGH
refresh_hw_device [lindex [get_hw_devices xc7a35t_0] 0]
INFO: [Labtools 27-1434] Device xc7a35t (JTAG device index = 0) is programmed with a design that has no supported debug core(s) in it.
reset_run synth_1
launch_runs impl_1 -to_step write_bitstream -jobs 4
[Fri May  7 19:55:53 2021] Launched synth_1...
Run output will be captured here: D:/FACULTATE/ANUL 1/Termostat/Termostat/Termostat.runs/synth_1/runme.log
[Fri May  7 19:55:53 2021] Launched impl_1...
Run output will be captured here: D:/FACULTATE/ANUL 1/Termostat/Termostat/Termostat.runs/impl_1/runme.log
set_property PROBES.FILE {} [get_hw_devices xc7a35t_0]
set_property FULL_PROBES.FILE {} [get_hw_devices xc7a35t_0]
set_property PROGRAM.FILE {D:/FACULTATE/ANUL 1/Termostat/Termostat/Termostat.runs/impl_1/Termostat.bit} [get_hw_devices xc7a35t_0]
program_hw_devices [get_hw_devices xc7a35t_0]
INFO: [Labtools 27-3164] End of startup status: HIGH
refresh_hw_device [lindex [get_hw_devices xc7a35t_0] 0]
INFO: [Labtools 27-1434] Device xc7a35t (JTAG device index = 0) is programmed with a design that has no supported debug core(s) in it.
