#-----------------------------------------------------------
# Vivado v2020.2 (64-bit)
# SW Build 3064766 on Wed Nov 18 09:12:45 MST 2020
# IP Build 3064653 on Wed Nov 18 14:17:31 MST 2020
# Start of session at: Mon May 10 21:53:25 2021
# Process ID: 10680
# Current directory: D:/FACULTATE/ANUL 1/Termostat - FINAL/Termostat
# Command line: vivado.exe -gui_launcher_event rodinguilauncherevent13204 D:\FACULTATE\ANUL 1\Termostat - FINAL\Termostat\Termostat.xpr
# Log file: D:/FACULTATE/ANUL 1/Termostat - FINAL/Termostat/vivado.log
# Journal file: D:/FACULTATE/ANUL 1/Termostat - FINAL/Termostat\vivado.jou
#-----------------------------------------------------------
start_gui
open_project {D:/FACULTATE/ANUL 1/Termostat - FINAL/Termostat/Termostat.xpr}
INFO: [Project 1-313] Project file moved from 'D:/FACULTATE/ANUL 1/Termostat - aproape bun - Copy/Termostat' since last save.
Scanning sources...
Finished scanning sources
INFO: [IP_Flow 19-234] Refreshing IP repositories
INFO: [IP_Flow 19-1704] No user IP repositories specified
INFO: [IP_Flow 19-2313] Loaded Vivado IP repository 'D:/programs/Xilinx/Vivado/2020.2/data/ip'.
open_project: Time (s): cpu = 00:00:41 ; elapsed = 00:00:29 . Memory (MB): peak = 993.285 ; gain = 0.000
update_compile_order -fileset sources_1
exit
INFO: [Common 17-206] Exiting Vivado at Tue May 11 01:28:12 2021...
